# JRE version: OpenJDK Runtime Environment (11.0.7+10) (build 11.0.7+10-post-Ubuntu-2ubuntu218.04)
# Java VM: OpenJDK 64-Bit Server VM (11.0.7+10-post-Ubuntu-2ubuntu218.04, mixed mode, sharing, tiered, compressed oops, g1 gc, linux-amd64)
Heap:
 garbage-first heap   total 271360K, used 1616K [0x00000000e0c00000, 0x0000000100000000)
  region size 1024K, 1 young (1024K), 1 survivors (1024K)
 Metaspace       used 2320K, capacity 5125K, committed 5376K, reserved 1056768K
  class space    used 237K, capacity 489K, committed 512K, reserved 1048576K
GC Heap History (20 events):
Event: 0,566 GC heap after
{Heap after GC invocations=3 (full 0):
 garbage-first heap   total 34816K, used 1587K [0x00000000e0c00000, 0x0000000100000000)
  region size 1024K, 1 young (1024K), 1 survivors (1024K)
 Metaspace       used 2164K, capacity 5118K, committed 5376K, reserved 1056768K
  class space    used 229K, capacity 489K, committed 512K, reserved 1048576K
}
Event: 0,604 GC heap before
{Heap before GC invocations=3 (full 0):
 garbage-first heap   total 34816K, used 20019K [0x00000000e0c00000, 0x0000000100000000)
  region size 1024K, 19 young (19456K), 1 survivors (1024K)
 Metaspace       used 2169K, capacity 5118K, committed 5376K, reserved 1056768K
  class space    used 229K, capacity 489K, committed 512K, reserved 1048576K
}
Event: 0,614 GC heap after
{Heap after GC invocations=4 (full 0):
 garbage-first heap   total 34816K, used 1534K [0x00000000e0c00000, 0x0000000100000000)
  region size 1024K, 1 young (1024K), 1 survivors (1024K)
 Metaspace       used 2169K, capacity 5118K, committed 5376K, reserved 1056768K
  class space    used 229K, capacity 489K, committed 512K, reserved 1048576K
}
Event: 0,645 GC heap before
{Heap before GC invocations=4 (full 0):
 garbage-first heap   total 34816K, used 19966K [0x00000000e0c00000, 0x0000000100000000)
  region size 1024K, 19 young (19456K), 1 survivors (1024K)
 Metaspace       used 2169K, capacity 5118K, committed 5376K, reserved 1056768K
  class space    used 229K, capacity 489K, committed 512K, reserved 1048576K
}
Event: 0,656 GC heap after
{Heap after GC invocations=5 (full 0):
 garbage-first heap   total 65536K, used 1523K [0x00000000e0c00000, 0x0000000100000000)
  region size 1024K, 1 young (1024K), 1 survivors (1024K)
 Metaspace       used 2169K, capacity 5118K, committed 5376K, reserved 1056768K
  class space    used 229K, capacity 489K, committed 512K, reserved 1048576K
}
Event: 0,816 GC heap before
{Heap before GC invocations=5 (full 0):
 garbage-first heap   total 65536K, used 30195K [0x00000000e0c00000, 0x0000000100000000)
  region size 1024K, 29 young (29696K), 1 survivors (1024K)
 Metaspace       used 2291K, capacity 5120K, committed 5376K, reserved 1056768K
  class space    used 237K, capacity 489K, committed 512K, reserved 1048576K
}
Event: 0,839 GC heap after
{Heap after GC invocations=6 (full 0):
 garbage-first heap   total 65536K, used 1559K [0x00000000e0c00000, 0x0000000100000000)
  region size 1024K, 1 young (1024K), 1 survivors (1024K)
 Metaspace       used 2291K, capacity 5120K, committed 5376K, reserved 1056768K
  class space    used 237K, capacity 489K, committed 512K, reserved 1048576K
}
Event: 0,885 GC heap before
{Heap before GC invocations=6 (full 0):
 garbage-first heap   total 65536K, used 36375K [0x00000000e0c00000, 0x0000000100000000)
  region size 1024K, 35 young (35840K), 1 survivors (1024K)
 Metaspace       used 2294K, capacity 5121K, committed 5376K, reserved 1056768K
  class space    used 237K, capacity 489K, committed 512K, reserved 1048576K
}
Event: 0,896 GC heap after
{Heap after GC invocations=7 (full 0):
 garbage-first heap   total 65536K, used 1642K [0x00000000e0c00000, 0x0000000100000000)
  region size 1024K, 1 young (1024K), 1 survivors (1024K)
 Metaspace       used 2294K, capacity 5121K, committed 5376K, reserved 1056768K
  class space    used 237K, capacity 489K, committed 512K, reserved 1048576K
}
Event: 0,953 GC heap before
{Heap before GC invocations=7 (full 0):
 garbage-first heap   total 65536K, used 39530K [0x00000000e0c00000, 0x0000000100000000)
  region size 1024K, 38 young (38912K), 1 survivors (1024K)
 Metaspace       used 2297K, capacity 5121K, committed 5376K, reserved 1056768K
  class space    used 237K, capacity 489K, committed 512K, reserved 1048576K
}
Event: 0,972 GC heap after
{Heap after GC invocations=8 (full 0):
 garbage-first heap   total 65536K, used 1560K [0x00000000e0c00000, 0x0000000100000000)
  region size 1024K, 1 young (1024K), 1 survivors (1024K)
 Metaspace       used 2297K, capacity 5121K, committed 5376K, reserved 1056768K
  class space    used 237K, capacity 489K, committed 512K, reserved 1048576K
}
Event: 1,051 GC heap before
{Heap before GC invocations=8 (full 0):
 garbage-first heap   total 65536K, used 39448K [0x00000000e0c00000, 0x0000000100000000)
  region size 1024K, 38 young (38912K), 1 survivors (1024K)
 Metaspace       used 2320K, capacity 5125K, committed 5376K, reserved 1056768K
  class space    used 237K, capacity 489K, committed 512K, reserved 1048576K
}
Event: 1,061 GC heap after
{Heap after GC invocations=9 (full 0):
 garbage-first heap   total 133120K, used 1652K [0x00000000e0c00000, 0x0000000100000000)
  region size 1024K, 1 young (1024K), 1 survivors (1024K)
 Metaspace       used 2320K, capacity 5125K, committed 5376K, reserved 1056768K
  class space    used 237K, capacity 489K, committed 512K, reserved 1048576K
}
Event: 1,176 GC heap before
{Heap before GC invocations=9 (full 0):
 garbage-first heap   total 133120K, used 62068K [0x00000000e0c00000, 0x0000000100000000)
  region size 1024K, 60 young (61440K), 1 survivors (1024K)
 Metaspace       used 2320K, capacity 5125K, committed 5376K, reserved 1056768K
  class space    used 237K, capacity 489K, committed 512K, reserved 1048576K
}
Event: 1,271 GC heap after
{Heap after GC invocations=10 (full 0):
 garbage-first heap   total 133120K, used 1542K [0x00000000e0c00000, 0x0000000100000000)
  region size 1024K, 1 young (1024K), 1 survivors (1024K)
 Metaspace       used 2320K, capacity 5125K, committed 5376K, reserved 1056768K
  class space    used 237K, capacity 489K, committed 512K, reserved 1048576K
}
Event: 1,477 GC heap before
{Heap before GC invocations=10 (full 0):
 garbage-first heap   total 133120K, used 77318K [0x00000000e0c00000, 0x0000000100000000)
  region size 1024K, 75 young (76800K), 1 survivors (1024K)
 Metaspace       used 2320K, capacity 5125K, committed 5376K, reserved 1056768K
  class space    used 237K, capacity 489K, committed 512K, reserved 1048576K
}
Event: 1,493 GC heap after
{Heap after GC invocations=11 (full 0):
 garbage-first heap   total 133120K, used 1585K [0x00000000e0c00000, 0x0000000100000000)
  region size 1024K, 1 young (1024K), 1 survivors (1024K)
 Metaspace       used 2320K, capacity 5125K, committed 5376K, reserved 1056768K
  class space    used 237K, capacity 489K, committed 512K, reserved 1048576K
}
Event: 1,700 GC heap before
{Heap before GC invocations=11 (full 0):
 garbage-first heap   total 133120K, used 80433K [0x00000000e0c00000, 0x0000000100000000)
  region size 1024K, 78 young (79872K), 1 survivors (1024K)
 Metaspace       used 2320K, capacity 5125K, committed 5376K, reserved 1056768K
  class space    used 237K, capacity 489K, committed 512K, reserved 1048576K
}
Event: 1,717 GC heap after
{Heap after GC invocations=12 (full 0):
 garbage-first heap   total 133120K, used 1607K [0x00000000e0c00000, 0x0000000100000000)
  region size 1024K, 1 young (1024K), 1 survivors (1024K)
 Metaspace       used 2320K, capacity 5125K, committed 5376K, reserved 1056768K
  class space    used 237K, capacity 489K, committed 512K, reserved 1048576K
}
Event: 1,801 GC heap before
{Heap before GC invocations=12 (full 0):
 garbage-first heap   total 133120K, used 80455K [0x00000000e0c00000, 0x0000000100000000)
  region size 1024K, 78 young (79872K), 1 survivors (1024K)
 Metaspace       used 2320K, capacity 5125K, committed 5376K, reserved 1056768K
  class space    used 237K, capacity 489K, committed 512K, reserved 1048576K
}

