# JRE version: OpenJDK Runtime Environment (11.0.7+10) (build 11.0.7+10-post-Ubuntu-2ubuntu218.04)
# Java VM: OpenJDK 64-Bit Server VM (11.0.7+10-post-Ubuntu-2ubuntu218.04, mixed mode, sharing, tiered, compressed oops, g1 gc, linux-amd64)
Heap:
 garbage-first heap   total 282624K, used 1683K [0x00000000e0c00000, 0x0000000100000000)
  region size 1024K, 1 young (1024K), 1 survivors (1024K)
 Metaspace       used 2333K, capacity 5123K, committed 5376K, reserved 1056768K
  class space    used 237K, capacity 489K, committed 512K, reserved 1048576K
GC Heap History (20 events):
Event: 0,751 GC heap after
{Heap after GC invocations=3 (full 0):
 garbage-first heap   total 34816K, used 1509K [0x00000000e0c00000, 0x0000000100000000)
  region size 1024K, 1 young (1024K), 1 survivors (1024K)
 Metaspace       used 2187K, capacity 5118K, committed 5376K, reserved 1056768K
  class space    used 229K, capacity 489K, committed 512K, reserved 1048576K
}
Event: 0,790 GC heap before
{Heap before GC invocations=3 (full 0):
 garbage-first heap   total 34816K, used 19941K [0x00000000e0c00000, 0x0000000100000000)
  region size 1024K, 19 young (19456K), 1 survivors (1024K)
 Metaspace       used 2193K, capacity 5118K, committed 5376K, reserved 1056768K
  class space    used 229K, capacity 489K, committed 512K, reserved 1048576K
}
Event: 0,800 GC heap after
{Heap after GC invocations=4 (full 0):
 garbage-first heap   total 34816K, used 1567K [0x00000000e0c00000, 0x0000000100000000)
  region size 1024K, 1 young (1024K), 1 survivors (1024K)
 Metaspace       used 2193K, capacity 5118K, committed 5376K, reserved 1056768K
  class space    used 229K, capacity 489K, committed 512K, reserved 1048576K
}
Event: 0,838 GC heap before
{Heap before GC invocations=4 (full 0):
 garbage-first heap   total 34816K, used 19999K [0x00000000e0c00000, 0x0000000100000000)
  region size 1024K, 19 young (19456K), 1 survivors (1024K)
 Metaspace       used 2193K, capacity 5118K, committed 5376K, reserved 1056768K
  class space    used 229K, capacity 489K, committed 512K, reserved 1048576K
}
Event: 0,851 GC heap after
{Heap after GC invocations=5 (full 0):
 garbage-first heap   total 64512K, used 1499K [0x00000000e0c00000, 0x0000000100000000)
  region size 1024K, 1 young (1024K), 1 survivors (1024K)
 Metaspace       used 2193K, capacity 5118K, committed 5376K, reserved 1056768K
  class space    used 229K, capacity 489K, committed 512K, reserved 1048576K
}
Event: 0,985 GC heap before
{Heap before GC invocations=5 (full 0):
 garbage-first heap   total 64512K, used 30171K [0x00000000e0c00000, 0x0000000100000000)
  region size 1024K, 29 young (29696K), 1 survivors (1024K)
 Metaspace       used 2293K, capacity 5122K, committed 5376K, reserved 1056768K
  class space    used 237K, capacity 489K, committed 512K, reserved 1048576K
}
Event: 0,999 GC heap after
{Heap after GC invocations=6 (full 0):
 garbage-first heap   total 64512K, used 1600K [0x00000000e0c00000, 0x0000000100000000)
  region size 1024K, 1 young (1024K), 1 survivors (1024K)
 Metaspace       used 2293K, capacity 5122K, committed 5376K, reserved 1056768K
  class space    used 237K, capacity 489K, committed 512K, reserved 1048576K
}
Event: 1,069 GC heap before
{Heap before GC invocations=6 (full 0):
 garbage-first heap   total 64512K, used 36416K [0x00000000e0c00000, 0x0000000100000000)
  region size 1024K, 35 young (35840K), 1 survivors (1024K)
 Metaspace       used 2296K, capacity 5123K, committed 5376K, reserved 1056768K
  class space    used 237K, capacity 489K, committed 512K, reserved 1048576K
}
Event: 1,083 GC heap after
{Heap after GC invocations=7 (full 0):
 garbage-first heap   total 64512K, used 1575K [0x00000000e0c00000, 0x0000000100000000)
  region size 1024K, 1 young (1024K), 1 survivors (1024K)
 Metaspace       used 2296K, capacity 5123K, committed 5376K, reserved 1056768K
  class space    used 237K, capacity 489K, committed 512K, reserved 1048576K
}
Event: 1,138 GC heap before
{Heap before GC invocations=7 (full 0):
 garbage-first heap   total 64512K, used 38439K [0x00000000e0c00000, 0x0000000100000000)
  region size 1024K, 37 young (37888K), 1 survivors (1024K)
 Metaspace       used 2298K, capacity 5123K, committed 5376K, reserved 1056768K
  class space    used 237K, capacity 489K, committed 512K, reserved 1048576K
}
Event: 1,150 GC heap after
{Heap after GC invocations=8 (full 0):
 garbage-first heap   total 64512K, used 1639K [0x00000000e0c00000, 0x0000000100000000)
  region size 1024K, 1 young (1024K), 1 survivors (1024K)
 Metaspace       used 2298K, capacity 5123K, committed 5376K, reserved 1056768K
  class space    used 237K, capacity 489K, committed 512K, reserved 1048576K
}
Event: 1,233 GC heap before
{Heap before GC invocations=8 (full 0):
 garbage-first heap   total 64512K, used 38503K [0x00000000e0c00000, 0x0000000100000000)
  region size 1024K, 37 young (37888K), 1 survivors (1024K)
 Metaspace       used 2333K, capacity 5123K, committed 5376K, reserved 1056768K
  class space    used 237K, capacity 489K, committed 512K, reserved 1048576K
}
Event: 1,250 GC heap after
{Heap after GC invocations=9 (full 0):
 garbage-first heap   total 129024K, used 1592K [0x00000000e0c00000, 0x0000000100000000)
  region size 1024K, 1 young (1024K), 1 survivors (1024K)
 Metaspace       used 2333K, capacity 5123K, committed 5376K, reserved 1056768K
  class space    used 237K, capacity 489K, committed 512K, reserved 1048576K
}
Event: 1,389 GC heap before
{Heap before GC invocations=9 (full 0):
 garbage-first heap   total 129024K, used 59960K [0x00000000e0c00000, 0x0000000100000000)
  region size 1024K, 58 young (59392K), 1 survivors (1024K)
 Metaspace       used 2333K, capacity 5123K, committed 5376K, reserved 1056768K
  class space    used 237K, capacity 489K, committed 512K, reserved 1048576K
}
Event: 1,525 GC heap after
{Heap after GC invocations=10 (full 0):
 garbage-first heap   total 129024K, used 1657K [0x00000000e0c00000, 0x0000000100000000)
  region size 1024K, 1 young (1024K), 1 survivors (1024K)
 Metaspace       used 2333K, capacity 5123K, committed 5376K, reserved 1056768K
  class space    used 237K, capacity 489K, committed 512K, reserved 1048576K
}
Event: 1,671 GC heap before
{Heap before GC invocations=10 (full 0):
 garbage-first heap   total 129024K, used 74361K [0x00000000e0c00000, 0x0000000100000000)
  region size 1024K, 72 young (73728K), 1 survivors (1024K)
 Metaspace       used 2333K, capacity 5123K, committed 5376K, reserved 1056768K
  class space    used 237K, capacity 489K, committed 512K, reserved 1048576K
}
Event: 1,684 GC heap after
{Heap after GC invocations=11 (full 0):
 garbage-first heap   total 129024K, used 1621K [0x00000000e0c00000, 0x0000000100000000)
  region size 1024K, 1 young (1024K), 1 survivors (1024K)
 Metaspace       used 2333K, capacity 5123K, committed 5376K, reserved 1056768K
  class space    used 237K, capacity 489K, committed 512K, reserved 1048576K
}
Event: 1,842 GC heap before
{Heap before GC invocations=11 (full 0):
 garbage-first heap   total 129024K, used 77397K [0x00000000e0c00000, 0x0000000100000000)
  region size 1024K, 75 young (76800K), 1 survivors (1024K)
 Metaspace       used 2333K, capacity 5123K, committed 5376K, reserved 1056768K
  class space    used 237K, capacity 489K, committed 512K, reserved 1048576K
}
Event: 1,854 GC heap after
{Heap after GC invocations=12 (full 0):
 garbage-first heap   total 129024K, used 1699K [0x00000000e0c00000, 0x0000000100000000)
  region size 1024K, 1 young (1024K), 1 survivors (1024K)
 Metaspace       used 2333K, capacity 5123K, committed 5376K, reserved 1056768K
  class space    used 237K, capacity 489K, committed 512K, reserved 1048576K
}
Event: 1,990 GC heap before
{Heap before GC invocations=12 (full 0):
 garbage-first heap   total 129024K, used 77475K [0x00000000e0c00000, 0x0000000100000000)
  region size 1024K, 75 young (76800K), 1 survivors (1024K)
 Metaspace       used 2333K, capacity 5123K, committed 5376K, reserved 1056768K
  class space    used 237K, capacity 489K, committed 512K, reserved 1048576K
}

