# JRE version: OpenJDK Runtime Environment (11.0.7+10) (build 11.0.7+10-post-Ubuntu-2ubuntu218.04)
# Java VM: OpenJDK 64-Bit Server VM (11.0.7+10-post-Ubuntu-2ubuntu218.04, mixed mode, sharing, tiered, compressed oops, g1 gc, linux-amd64)
Heap:
 garbage-first heap   total 285696K, used 1632K [0x00000000e0c00000, 0x0000000100000000)
  region size 1024K, 1 young (1024K), 1 survivors (1024K)
 Metaspace       used 2329K, capacity 5125K, committed 5376K, reserved 1056768K
  class space    used 234K, capacity 489K, committed 512K, reserved 1048576K
GC Heap History (20 events):
Event: 0,852 GC heap after
{Heap after GC invocations=3 (full 0):
 garbage-first heap   total 34816K, used 1515K [0x00000000e0c00000, 0x0000000100000000)
  region size 1024K, 1 young (1024K), 1 survivors (1024K)
 Metaspace       used 2165K, capacity 5118K, committed 5376K, reserved 1056768K
  class space    used 227K, capacity 489K, committed 512K, reserved 1048576K
}
Event: 0,900 GC heap before
{Heap before GC invocations=3 (full 0):
 garbage-first heap   total 34816K, used 19947K [0x00000000e0c00000, 0x0000000100000000)
  region size 1024K, 19 young (19456K), 1 survivors (1024K)
 Metaspace       used 2171K, capacity 5118K, committed 5376K, reserved 1056768K
  class space    used 227K, capacity 489K, committed 512K, reserved 1048576K
}
Event: 0,960 GC heap after
{Heap after GC invocations=4 (full 0):
 garbage-first heap   total 34816K, used 1510K [0x00000000e0c00000, 0x0000000100000000)
  region size 1024K, 1 young (1024K), 1 survivors (1024K)
 Metaspace       used 2171K, capacity 5118K, committed 5376K, reserved 1056768K
  class space    used 227K, capacity 489K, committed 512K, reserved 1048576K
}
Event: 1,018 GC heap before
{Heap before GC invocations=4 (full 0):
 garbage-first heap   total 34816K, used 19942K [0x00000000e0c00000, 0x0000000100000000)
  region size 1024K, 19 young (19456K), 1 survivors (1024K)
 Metaspace       used 2171K, capacity 5118K, committed 5376K, reserved 1056768K
  class space    used 227K, capacity 489K, committed 512K, reserved 1048576K
}
Event: 1,036 GC heap after
{Heap after GC invocations=5 (full 0):
 garbage-first heap   total 69632K, used 1540K [0x00000000e0c00000, 0x0000000100000000)
  region size 1024K, 1 young (1024K), 1 survivors (1024K)
 Metaspace       used 2171K, capacity 5118K, committed 5376K, reserved 1056768K
  class space    used 227K, capacity 489K, committed 512K, reserved 1048576K
}
Event: 1,136 GC heap before
{Heap before GC invocations=5 (full 0):
 garbage-first heap   total 69632K, used 32260K [0x00000000e0c00000, 0x0000000100000000)
  region size 1024K, 31 young (31744K), 1 survivors (1024K)
 Metaspace       used 2271K, capacity 5120K, committed 5376K, reserved 1056768K
  class space    used 234K, capacity 489K, committed 512K, reserved 1048576K
}
Event: 1,153 GC heap after
{Heap after GC invocations=6 (full 0):
 garbage-first heap   total 69632K, used 1532K [0x00000000e0c00000, 0x0000000100000000)
  region size 1024K, 1 young (1024K), 1 survivors (1024K)
 Metaspace       used 2271K, capacity 5120K, committed 5376K, reserved 1056768K
  class space    used 234K, capacity 489K, committed 512K, reserved 1048576K
}
Event: 1,255 GC heap before
{Heap before GC invocations=6 (full 0):
 garbage-first heap   total 69632K, used 39420K [0x00000000e0c00000, 0x0000000100000000)
  region size 1024K, 38 young (38912K), 1 survivors (1024K)
 Metaspace       used 2275K, capacity 5121K, committed 5376K, reserved 1056768K
  class space    used 234K, capacity 489K, committed 512K, reserved 1048576K
}
Event: 1,281 GC heap after
{Heap after GC invocations=7 (full 0):
 garbage-first heap   total 69632K, used 1541K [0x00000000e0c00000, 0x0000000100000000)
  region size 1024K, 1 young (1024K), 1 survivors (1024K)
 Metaspace       used 2275K, capacity 5121K, committed 5376K, reserved 1056768K
  class space    used 234K, capacity 489K, committed 512K, reserved 1048576K
}
Event: 1,348 GC heap before
{Heap before GC invocations=7 (full 0):
 garbage-first heap   total 69632K, used 41477K [0x00000000e0c00000, 0x0000000100000000)
  region size 1024K, 40 young (40960K), 1 survivors (1024K)
 Metaspace       used 2277K, capacity 5121K, committed 5376K, reserved 1056768K
  class space    used 234K, capacity 489K, committed 512K, reserved 1048576K
}
Event: 1,359 GC heap after
{Heap after GC invocations=8 (full 0):
 garbage-first heap   total 69632K, used 1577K [0x00000000e0c00000, 0x0000000100000000)
  region size 1024K, 1 young (1024K), 1 survivors (1024K)
 Metaspace       used 2277K, capacity 5121K, committed 5376K, reserved 1056768K
  class space    used 234K, capacity 489K, committed 512K, reserved 1048576K
}
Event: 1,442 GC heap before
{Heap before GC invocations=8 (full 0):
 garbage-first heap   total 69632K, used 41513K [0x00000000e0c00000, 0x0000000100000000)
  region size 1024K, 40 young (40960K), 1 survivors (1024K)
 Metaspace       used 2329K, capacity 5125K, committed 5376K, reserved 1056768K
  class space    used 234K, capacity 489K, committed 512K, reserved 1048576K
}
Event: 1,455 GC heap after
{Heap after GC invocations=9 (full 0):
 garbage-first heap   total 139264K, used 1644K [0x00000000e0c00000, 0x0000000100000000)
  region size 1024K, 1 young (1024K), 1 survivors (1024K)
 Metaspace       used 2329K, capacity 5125K, committed 5376K, reserved 1056768K
  class space    used 234K, capacity 489K, committed 512K, reserved 1048576K
}
Event: 1,584 GC heap before
{Heap before GC invocations=9 (full 0):
 garbage-first heap   total 139264K, used 65132K [0x00000000e0c00000, 0x0000000100000000)
  region size 1024K, 63 young (64512K), 1 survivors (1024K)
 Metaspace       used 2329K, capacity 5125K, committed 5376K, reserved 1056768K
  class space    used 234K, capacity 489K, committed 512K, reserved 1048576K
}
Event: 1,735 GC heap after
{Heap after GC invocations=10 (full 0):
 garbage-first heap   total 139264K, used 1579K [0x00000000e0c00000, 0x0000000100000000)
  region size 1024K, 1 young (1024K), 1 survivors (1024K)
 Metaspace       used 2329K, capacity 5125K, committed 5376K, reserved 1056768K
  class space    used 234K, capacity 489K, committed 512K, reserved 1048576K
}
Event: 1,929 GC heap before
{Heap before GC invocations=10 (full 0):
 garbage-first heap   total 139264K, used 80427K [0x00000000e0c00000, 0x0000000100000000)
  region size 1024K, 78 young (79872K), 1 survivors (1024K)
 Metaspace       used 2329K, capacity 5125K, committed 5376K, reserved 1056768K
  class space    used 234K, capacity 489K, committed 512K, reserved 1048576K
}
Event: 1,948 GC heap after
{Heap after GC invocations=11 (full 0):
 garbage-first heap   total 139264K, used 1689K [0x00000000e0c00000, 0x0000000100000000)
  region size 1024K, 1 young (1024K), 1 survivors (1024K)
 Metaspace       used 2329K, capacity 5125K, committed 5376K, reserved 1056768K
  class space    used 234K, capacity 489K, committed 512K, reserved 1048576K
}
Event: 2,106 GC heap before
{Heap before GC invocations=11 (full 0):
 garbage-first heap   total 139264K, used 83609K [0x00000000e0c00000, 0x0000000100000000)
  region size 1024K, 81 young (82944K), 1 survivors (1024K)
 Metaspace       used 2329K, capacity 5125K, committed 5376K, reserved 1056768K
  class space    used 234K, capacity 489K, committed 512K, reserved 1048576K
}
Event: 2,120 GC heap after
{Heap after GC invocations=12 (full 0):
 garbage-first heap   total 139264K, used 1614K [0x00000000e0c00000, 0x0000000100000000)
  region size 1024K, 1 young (1024K), 1 survivors (1024K)
 Metaspace       used 2329K, capacity 5125K, committed 5376K, reserved 1056768K
  class space    used 234K, capacity 489K, committed 512K, reserved 1048576K
}
Event: 2,248 GC heap before
{Heap before GC invocations=12 (full 0):
 garbage-first heap   total 139264K, used 83534K [0x00000000e0c00000, 0x0000000100000000)
  region size 1024K, 81 young (82944K), 1 survivors (1024K)
 Metaspace       used 2329K, capacity 5125K, committed 5376K, reserved 1056768K
  class space    used 234K, capacity 489K, committed 512K, reserved 1048576K
}

